<?xml version="1.0" encoding="UTF-8"?>
<!-- Generated by org.testng.reporters.JUnitXMLReporter -->
<testsuite hostname="lenovo-PC" name="Test Department" tests="4" failures="0" timestamp="20 May 2014 08:55:42 GMT" time="3.734" errors="0">
  <testcase name="@BeforeClass setup" time="0.0" classname="test.testcases.organization.DepartmentTest">
    <failure type="java.lang.NullPointerException">
      <![CDATA[java.lang.NullPointerException
	at test.utilities.XMLParser.parserXml(XMLParser.java:47)
	at test.testcases.organization.DepartmentTest.setup(DepartmentTest.java:49)
	at test.testcases.organization.OrganizationSuite.main(OrganizationSuite.java:47)
	at com.simontuffs.onejar.Boot.run(Boot.java:306)
	at com.simontuffs.onejar.Boot.main(Boot.java:159)
... Removed 25 stack frames]]>
    </failure>
  </testcase> <!-- @BeforeClass setup -->
  <testcase name="@BeforeMethod beforeMethod" time="0.0" classname="test.testcases.organization.DepartmentTest">
    <skipped/>
  </testcase> <!-- @BeforeMethod beforeMethod -->
  <testcase name="@BeforeMethod beforeMethod" time="0.0" classname="test.testcases.organization.DepartmentTest">
    <skipped/>
  </testcase> <!-- @BeforeMethod beforeMethod -->
  <testcase name="@BeforeMethod beforeMethod" time="0.0" classname="test.testcases.organization.DepartmentTest">
    <skipped/>
  </testcase> <!-- @BeforeMethod beforeMethod -->
  <testcase name="@BeforeMethod beforeMethod" time="0.0" classname="test.testcases.organization.DepartmentTest">
    <skipped/>
  </testcase> <!-- @BeforeMethod beforeMethod -->
  <testcase name="@AfterClass quit" time="0.0" classname="test.testcases.organization.DepartmentTest">
    <skipped/>
  </testcase> <!-- @AfterClass quit -->
  <testcase name="testAdd" time="0.0" classname="test.testcases.organization.DepartmentTest">
    <skipped/>
  </testcase> <!-- testAdd -->
  <testcase name="testDelete" time="0.0" classname="test.testcases.organization.DepartmentTest">
    <skipped/>
  </testcase> <!-- testDelete -->
  <testcase name="testEdit" time="0.0" classname="test.testcases.organization.DepartmentTest">
    <skipped/>
  </testcase> <!-- testEdit -->
  <testcase name="testEnable" time="0.0" classname="test.testcases.organization.DepartmentTest">
    <skipped/>
  </testcase> <!-- testEnable -->
</testsuite> <!-- Test Department -->
