<?xml version="1.0" encoding="UTF-8"?>
<!-- Generated by org.testng.reporters.JUnitXMLReporter -->
<testsuite hostname="lenovo-PC" name="Notice with para02" tests="3" failures="1" timestamp="28 May 2014 01:28:52 GMT" time="166.958" errors="0">
  <testcase name="testSend" time="45.276" classname="test.testcases.notice.NoticeTest"/>
  <testcase name="testReceive" time="15.885" classname="test.testcases.notice.NoticeTest"/>
  <testcase name="testReceiveTip" time="99.605" classname="test.testcases.notice.NoticeTest">
    <failure type="org.openqa.selenium.NoSuchElementException" message="Unable to find element with xpath == (//dd[@class=&amp;apos;unread&amp;apos;])[1] (WARNING: The server did not provide any stacktrace information)
Command duration or timeout: 30.22 seconds
For documentation on this error, please visit: http://seleniumhq.org/exceptions/no_such_element.html
Build info: version: &amp;apos;2.39.0&amp;apos;, revision: &amp;apos;ff23eac&amp;apos;, time: &amp;apos;2013-12-16 16:11:15&amp;apos;
System info: host: &amp;apos;lenovo-PC&amp;apos;, ip: &amp;apos;192.168.30.170&amp;apos;, os.name: &amp;apos;Windows Vista&amp;apos;, os.arch: &amp;apos;x86&amp;apos;, os.version: &amp;apos;6.1&amp;apos;, java.version: &amp;apos;1.6.0_10-rc2&amp;apos;
Session ID: efb3dc55-45b8-485a-a192-4e24e2426314
Driver info: org.openqa.selenium.ie.InternetExplorerDriver
Capabilities [{platform=WINDOWS, javascriptEnabled=true, elementScrollBehavior=0, enablePersistentHover=true, ignoreZoomSetting=false, ie.ensureCleanSession=false, browserName=internet explorer, enableElementCacheCleanup=true, unexpectedAlertBehaviour=dismiss, version=8, ie.usePerProcessProxy=false, cssSelectorsEnabled=true, ignoreProtectedModeSettings=true, requireWindowFocus=false, handlesAlerts=true, initialBrowserUrl=http://localhost:45388/, ie.forceCreateProcessApi=false, nativeEvents=true, browserAttachTimeout=0, ie.browserCommandLineSwitches=, takesScreenshot=true}]">
      <![CDATA[org.openqa.selenium.NoSuchElementException: Unable to find element with xpath == (//dd[@class='unread'])[1] (WARNING: The server did not provide any stacktrace information)
Command duration or timeout: 30.22 seconds
For documentation on this error, please visit: http://seleniumhq.org/exceptions/no_such_element.html
Build info: version: '2.39.0', revision: 'ff23eac', time: '2013-12-16 16:11:15'
System info: host: 'lenovo-PC', ip: '192.168.30.170', os.name: 'Windows Vista', os.arch: 'x86', os.version: '6.1', java.version: '1.6.0_10-rc2'
Session ID: efb3dc55-45b8-485a-a192-4e24e2426314
Driver info: org.openqa.selenium.ie.InternetExplorerDriver
Capabilities [{platform=WINDOWS, javascriptEnabled=true, elementScrollBehavior=0, enablePersistentHover=true, ignoreZoomSetting=false, ie.ensureCleanSession=false, browserName=internet explorer, enableElementCacheCleanup=true, unexpectedAlertBehaviour=dismiss, version=8, ie.usePerProcessProxy=false, cssSelectorsEnabled=true, ignoreProtectedModeSettings=true, requireWindowFocus=false, handlesAlerts=true, initialBrowserUrl=http://localhost:45388/, ie.forceCreateProcessApi=false, nativeEvents=true, browserAttachTimeout=0, ie.browserCommandLineSwitches=, takesScreenshot=true}]
	at org.openqa.selenium.remote.ErrorHandler.createThrowable(ErrorHandler.java:193)
	at org.openqa.selenium.remote.ErrorHandler.throwIfResponseFailed(ErrorHandler.java:145)
	at org.openqa.selenium.remote.RemoteWebDriver.execute(RemoteWebDriver.java:554)
	at org.openqa.selenium.remote.RemoteWebDriver.findElement(RemoteWebDriver.java:307)
	at org.openqa.selenium.remote.RemoteWebDriver.findElementByXPath(RemoteWebDriver.java:404)
	at org.openqa.selenium.By$ByXPath.findElement(By.java:363)
	at org.openqa.selenium.remote.RemoteWebDriver.findElement(RemoteWebDriver.java:299)
	at test.utilities.WebDriverUtils.click(WebDriverUtils.java:230)
	at test.tasks.notice.TestNoticeTasks.clickFirstMsgTip(TestNoticeTasks.java:248)
	at test.testcases.notice.NoticeTest.testReceiveTip(NoticeTest.java:122)
... Removed 28 stack frames]]>
    </failure>
  </testcase> <!-- testReceiveTip -->
</testsuite> <!-- Notice with para02 -->
