<?xml version="1.0" encoding="UTF-8"?>
<!-- Generated by org.testng.reporters.JUnitXMLReporter -->
<testsuite hostname="lenovo-PC" name="Notice with para01" tests="6" failures="1" timestamp="31 May 2014 07:30:29 GMT" time="197.089" errors="0">
  <testcase name="testSend" time="47.993" classname="test.testcases.notice.NoticeTest"/>
  <testcase name="testEdit" time="43.518" classname="test.testcases.notice.NoticeTest"/>
  <testcase name="testStatic" time="25.272" classname="test.testcases.notice.NoticeTest"/>
  <testcase name="testDelete" time="12.622" classname="test.testcases.notice.NoticeTest"/>
  <testcase name="testReceive" time="19.543" classname="test.testcases.notice.NoticeTest"/>
  <testcase name="testReceiveTip" time="42.043" classname="test.testcases.notice.NoticeTest">
    <failure type="java.lang.AssertionError" message="expected [关于数字化校园培训的通知] but found [（修改）关于数字化校园培训的通知]">
      <![CDATA[java.lang.AssertionError: expected [关于数字化校园培训的通知] but found [（修改）关于数字化校园培训的通知]
	at test.testcases.notice.NoticeTest.testReceiveTip(NoticeTest.java:163)
... Removed 29 stack frames]]>
    </failure>
  </testcase> <!-- testReceiveTip -->
</testsuite> <!-- Notice with para01 -->
