<?xml version="1.0" encoding="UTF-8"?>
<!-- Generated by org.testng.reporters.JUnitXMLReporter -->
<testsuite hostname="lenovo-PC" name="Notice checkin Test" tests="3" failures="0" timestamp="31 May 2014 08:33:14 GMT" time="117.982" errors="0">
  <testcase name="testSend" time="50.926" classname="test.testcases.notice.NoticeTest"/>
  <testcase name="testReceive" time="18.585" classname="test.testcases.notice.NoticeTest"/>
  <testcase name="testReceiveTip" time="42.333" classname="test.testcases.notice.NoticeTest"/>
</testsuite> <!-- Notice checkin Test -->
